# JRE version: OpenJDK Runtime Environment Corretto-21.0.6.7.1 (21.0.6+7) (build 21.0.6+7-LTS)
# Java VM: OpenJDK 64-Bit Server VM Corretto-21.0.6.7.1 (21.0.6+7-LTS, mixed mode, sharing, tiered, compressed oops, compressed class ptrs, g1 gc, windows-amd64)
GC Precious Log:
 CardTable entry size: 512
 Card Set container configuration: InlinePtr #cards 5 size 8 Array Of Cards #cards 12 size 40 Howl #buckets 4 coarsen threshold 1843 Howl Bitmap #cards 512 size 80 coarsen threshold 460 Card regions per heap region 1 cards per card region 2048
 CPUs: 12 total, 12 available
 Memory: 15554M
 Large Page Support: Disabled
 NUMA Support: Disabled
 Compressed Oops: Enabled (32-bit)
 Heap Region Size: 1M
 Heap Min Capacity: 256M
 Heap Initial Capacity: 256M
 Heap Max Capacity: 512M
 Pre-touch: Disabled
 Parallel Workers: 10
 Concurrent Workers: 3
 Concurrent Refinement Workers: 10
 Periodic GC: Disabled
Heap:
 garbage-first heap   total 332800K, used 274927K [0x00000000e0000000, 0x0000000100000000)
  region size 1024K, 6 young (6144K), 6 survivors (6144K)
 Metaspace       used 98318K, committed 105280K, reserved 458752K
  class space    used 13733K, committed 16192K, reserved 327680K
GC Heap History (20 events):
Event: 859.629 GC heap after
{Heap after GC invocations=39 (full 0):
 garbage-first heap   total 304128K, used 173504K [0x00000000e0000000, 0x0000000100000000)
  region size 1024K, 7 young (7168K), 7 survivors (7168K)
 Metaspace       used 98266K, committed 105280K, reserved 458752K
  class space    used 13742K, committed 16192K, reserved 327680K
}
Event: 859.848 GC heap before
{Heap before GC invocations=39 (full 0):
 garbage-first heap   total 304128K, used 280000K [0x00000000e0000000, 0x0000000100000000)
  region size 1024K, 111 young (113664K), 7 survivors (7168K)
 Metaspace       used 98268K, committed 105280K, reserved 458752K
  class space    used 13742K, committed 16192K, reserved 327680K
}
Event: 859.852 GC heap after
{Heap after GC invocations=40 (full 0):
 garbage-first heap   total 304128K, used 178898K [0x00000000e0000000, 0x0000000100000000)
  region size 1024K, 12 young (12288K), 12 survivors (12288K)
 Metaspace       used 98268K, committed 105280K, reserved 458752K
  class space    used 13742K, committed 16192K, reserved 327680K
}
Event: 860.149 GC heap before
{Heap before GC invocations=41 (full 0):
 garbage-first heap   total 304128K, used 275154K [0x00000000e0000000, 0x0000000100000000)
  region size 1024K, 106 young (108544K), 12 survivors (12288K)
 Metaspace       used 98270K, committed 105280K, reserved 458752K
  class space    used 13742K, committed 16192K, reserved 327680K
}
Event: 860.155 GC heap after
{Heap after GC invocations=42 (full 0):
 garbage-first heap   total 304128K, used 183594K [0x00000000e0000000, 0x0000000100000000)
  region size 1024K, 11 young (11264K), 11 survivors (11264K)
 Metaspace       used 98270K, committed 105280K, reserved 458752K
  class space    used 13742K, committed 16192K, reserved 327680K
}
Event: 860.350 GC heap before
{Heap before GC invocations=42 (full 0):
 garbage-first heap   total 304128K, used 274730K [0x00000000e0000000, 0x0000000100000000)
  region size 1024K, 100 young (102400K), 11 survivors (11264K)
 Metaspace       used 98270K, committed 105280K, reserved 458752K
  class space    used 13742K, committed 16192K, reserved 327680K
}
Event: 860.357 GC heap after
{Heap after GC invocations=43 (full 0):
 garbage-first heap   total 304128K, used 187243K [0x00000000e0000000, 0x0000000100000000)
  region size 1024K, 10 young (10240K), 10 survivors (10240K)
 Metaspace       used 98270K, committed 105280K, reserved 458752K
  class space    used 13742K, committed 16192K, reserved 327680K
}
Event: 860.452 GC heap before
{Heap before GC invocations=43 (full 0):
 garbage-first heap   total 304128K, used 212843K [0x00000000e0000000, 0x0000000100000000)
  region size 1024K, 37 young (37888K), 10 survivors (10240K)
 Metaspace       used 98270K, committed 105280K, reserved 458752K
  class space    used 13742K, committed 16192K, reserved 327680K
}
Event: 860.458 GC heap after
{Heap after GC invocations=44 (full 0):
 garbage-first heap   total 304128K, used 197145K [0x00000000e0000000, 0x0000000100000000)
  region size 1024K, 13 young (13312K), 13 survivors (13312K)
 Metaspace       used 98270K, committed 105280K, reserved 458752K
  class space    used 13742K, committed 16192K, reserved 327680K
}
Event: 860.870 GC heap before
{Heap before GC invocations=45 (full 0):
 garbage-first heap   total 332800K, used 277017K [0x00000000e0000000, 0x0000000100000000)
  region size 1024K, 87 young (89088K), 13 survivors (13312K)
 Metaspace       used 98274K, committed 105280K, reserved 458752K
  class space    used 13733K, committed 16192K, reserved 327680K
}
Event: 861.810 GC heap after
{Heap after GC invocations=46 (full 0):
 garbage-first heap   total 332800K, used 240551K [0x00000000e0000000, 0x0000000100000000)
  region size 1024K, 11 young (11264K), 11 survivors (11264K)
 Metaspace       used 98274K, committed 105280K, reserved 458752K
  class space    used 13733K, committed 16192K, reserved 327680K
}
Event: 861.832 GC heap before
{Heap before GC invocations=46 (full 0):
 garbage-first heap   total 332800K, used 247719K [0x00000000e0000000, 0x0000000100000000)
  region size 1024K, 16 young (16384K), 11 survivors (11264K)
 Metaspace       used 98274K, committed 105280K, reserved 458752K
  class space    used 13733K, committed 16192K, reserved 327680K
}
Event: 861.840 GC heap after
{Heap after GC invocations=47 (full 0):
 garbage-first heap   total 332800K, used 246784K [0x00000000e0000000, 0x0000000100000000)
  region size 1024K, 2 young (2048K), 2 survivors (2048K)
 Metaspace       used 98274K, committed 105280K, reserved 458752K
  class space    used 13733K, committed 16192K, reserved 327680K
}
Event: 861.912 GC heap before
{Heap before GC invocations=47 (full 0):
 garbage-first heap   total 332800K, used 260096K [0x00000000e0000000, 0x0000000100000000)
  region size 1024K, 16 young (16384K), 2 survivors (2048K)
 Metaspace       used 98275K, committed 105280K, reserved 458752K
  class space    used 13733K, committed 16192K, reserved 327680K
}
Event: 861.918 GC heap after
{Heap after GC invocations=48 (full 0):
 garbage-first heap   total 332800K, used 255309K [0x00000000e0000000, 0x0000000100000000)
  region size 1024K, 2 young (2048K), 2 survivors (2048K)
 Metaspace       used 98275K, committed 105280K, reserved 458752K
  class space    used 13733K, committed 16192K, reserved 327680K
}
Event: 861.955 GC heap before
{Heap before GC invocations=48 (full 0):
 garbage-first heap   total 332800K, used 269645K [0x00000000e0000000, 0x0000000100000000)
  region size 1024K, 16 young (16384K), 2 survivors (2048K)
 Metaspace       used 98282K, committed 105280K, reserved 458752K
  class space    used 13733K, committed 16192K, reserved 327680K
}
Event: 861.960 GC heap after
{Heap after GC invocations=49 (full 0):
 garbage-first heap   total 332800K, used 258440K [0x00000000e0000000, 0x0000000100000000)
  region size 1024K, 2 young (2048K), 2 survivors (2048K)
 Metaspace       used 98282K, committed 105280K, reserved 458752K
  class space    used 13733K, committed 16192K, reserved 327680K
}
Event: 862.017 GC heap before
{Heap before GC invocations=49 (full 0):
 garbage-first heap   total 332800K, used 271752K [0x00000000e0000000, 0x0000000100000000)
  region size 1024K, 16 young (16384K), 2 survivors (2048K)
 Metaspace       used 98304K, committed 105280K, reserved 458752K
  class space    used 13733K, committed 16192K, reserved 327680K
}
Event: 862.022 GC heap after
{Heap after GC invocations=50 (full 0):
 garbage-first heap   total 332800K, used 261796K [0x00000000e0000000, 0x0000000100000000)
  region size 1024K, 2 young (2048K), 2 survivors (2048K)
 Metaspace       used 98304K, committed 105280K, reserved 458752K
  class space    used 13733K, committed 16192K, reserved 327680K
}
Event: 862.150 GC heap before
{Heap before GC invocations=50 (full 0):
 garbage-first heap   total 332800K, used 305828K [0x00000000e0000000, 0x0000000100000000)
  region size 1024K, 43 young (44032K), 2 survivors (2048K)
 Metaspace       used 98318K, committed 105280K, reserved 458752K
  class space    used 13733K, committed 16192K, reserved 327680K
}

